0 silly argv {
0 silly argv   _: [ 'run' ],
0 silly argv   scope: '$LERNA_PACKAGE_NAME',
0 silly argv   'include-dependents': true,
0 silly argv   includeDependents: true,
0 silly argv   lernaVersion: '6.6.1',
0 silly argv   '$0': 'node_modules\\lerna\\dist\\cli.js',
0 silly argv   script: 'build'
0 silly argv }
1 notice cli v6.6.1
2 verbose rootPath C:\Users\P995519\projects\react-monorepo-template
3 error JSONError: Unexpected token "/" (0x2F) in JSON at position 376 while parsing near "...at modern,cjs\",\n    //\"start\": \"microbun..." in packages\lib1\package.json
3 error
3 error [0m [90m 14 |[39m   [32m"scripts"[39m[33m:[39m {[0m
3 error [0m [90m 15 |[39m     [32m"build"[39m[33m:[39m [32m"microbundle-crl --no-compress --format modern,cjs"[39m[33m,[39m[0m
3 error [0m[31m[1m>[22m[39m[90m 16 |[39m     [90m//"start": "microbundle-crl watch --no-compress --format modern,cjs",[39m[0m
3 error [0m [90m    |[39m     [31m[1m^[22m[39m[0m
3 error [0m [90m 17 |[39m     [32m"prepare"[39m[33m:[39m [32m"run-s build"[39m[33m,[39m[0m
3 error [0m [90m 18 |[39m     [32m"test"[39m[33m:[39m [32m"run-s test:unit test:lint test:build"[39m[33m,[39m[0m
3 error [0m [90m 19 |[39m     [32m"test:build"[39m[33m:[39m [32m"run-s build"[39m[33m,[39m[0m
3 error
3 error     at parseJson (C:\Users\P995519\projects\react-monorepo-template\node_modules\parse-json\index.js:29:21)
3 error     at parse (C:\Users\P995519\projects\react-monorepo-template\node_modules\load-json-file\index.js:15:9)
3 error     at module.exports (C:\Users\P995519\projects\react-monorepo-template\node_modules\load-json-file\index.js:18:47)
